
0.5.0
* Fix crash issue #10
* Fix meme get clear when coming back from comment. issue #11	
* Notification for like  icon

0.2.0 (2012-12-28 -> ?)

* Use to Flat UI
* Fix UI bugs:
	* UINavigationBar suddenly fall down some pixels
	* metaMemeView doesn't stay at bottom
	* Picture doesn't get reposition to center correctly when changing orientation
* Fix XKCD issue: suddenlt it just works without any fixing.
* Implement SideBar
* Implement InfoPanel
* Update instruction to clone project:
	git clone
	git submodule init
* Fix sensitive navigaiton when zooming
* Fix auto reset zoom ration	
* Add last read info


==============
Path:
export $MEME=/Users/kureikain/Library/Application\ Support/iPhone\ Simulator/6.0/Applications/B187091B-B491-41BA-9EFF-B6ADF201E49C/

